{"total": {"lines":{"total":473,"covered":439,"skipped":0,"pct":92.81},"statements":{"total":473,"covered":439,"skipped":0,"pct":92.81},"functions":{"total":26,"covered":25,"skipped":0,"pct":96.15},"branches":{"total":92,"covered":74,"skipped":0,"pct":80.43},"branchesTrue":{"total":0,"covered":0,"skipped":0,"pct":100}}
,"/Users/apple/Documents/Jay Dev/ai-compliance-docs-analyzer/backend/src/controllers/auth.controller.ts": {"lines":{"total":102,"covered":96,"skipped":0,"pct":94.11},"functions":{"total":3,"covered":3,"skipped":0,"pct":100},"statements":{"total":102,"covered":96,"skipped":0,"pct":94.11},"branches":{"total":17,"covered":13,"skipped":0,"pct":76.47}}
,"/Users/apple/Documents/Jay Dev/ai-compliance-docs-analyzer/backend/src/controllers/compare.controller.ts": {"lines":{"total":27,"covered":24,"skipped":0,"pct":88.88},"functions":{"total":1,"covered":1,"skipped":0,"pct":100},"statements":{"total":27,"covered":24,"skipped":0,"pct":88.88},"branches":{"total":4,"covered":3,"skipped":0,"pct":75}}
,"/Users/apple/Documents/Jay Dev/ai-compliance-docs-analyzer/backend/src/controllers/document.controller.ts": {"lines":{"total":102,"covered":96,"skipped":0,"pct":94.11},"functions":{"total":3,"covered":3,"skipped":0,"pct":100},"statements":{"total":102,"covered":96,"skipped":0,"pct":94.11},"branches":{"total":16,"covered":12,"skipped":0,"pct":75}}
,"/Users/apple/Documents/Jay Dev/ai-compliance-docs-analyzer/backend/src/controllers/qa.controller.ts": {"lines":{"total":40,"covered":40,"skipped":0,"pct":100},"functions":{"total":1,"covered":1,"skipped":0,"pct":100},"statements":{"total":40,"covered":40,"skipped":0,"pct":100},"branches":{"total":11,"covered":10,"skipped":0,"pct":90.9}}
,"/Users/apple/Documents/Jay Dev/ai-compliance-docs-analyzer/backend/src/db/index.ts": {"lines":{"total":22,"covered":22,"skipped":0,"pct":100},"functions":{"total":3,"covered":3,"skipped":0,"pct":100},"statements":{"total":22,"covered":22,"skipped":0,"pct":100},"branches":{"total":10,"covered":9,"skipped":0,"pct":90}}
,"/Users/apple/Documents/Jay Dev/ai-compliance-docs-analyzer/backend/src/db/migrations.ts": {"lines":{"total":47,"covered":47,"skipped":0,"pct":100},"functions":{"total":3,"covered":3,"skipped":0,"pct":100},"statements":{"total":47,"covered":47,"skipped":0,"pct":100},"branches":{"total":14,"covered":10,"skipped":0,"pct":71.42}}
,"/Users/apple/Documents/Jay Dev/ai-compliance-docs-analyzer/backend/src/db/schema.ts": {"lines":{"total":9,"covered":9,"skipped":0,"pct":100},"functions":{"total":0,"covered":0,"skipped":0,"pct":100},"statements":{"total":9,"covered":9,"skipped":0,"pct":100},"branches":{"total":0,"covered":0,"skipped":0,"pct":100}}
,"/Users/apple/Documents/Jay Dev/ai-compliance-docs-analyzer/backend/src/db/seed.ts": {"lines":{"total":48,"covered":31,"skipped":0,"pct":64.58},"functions":{"total":2,"covered":1,"skipped":0,"pct":50},"statements":{"total":48,"covered":31,"skipped":0,"pct":64.58},"branches":{"total":5,"covered":5,"skipped":0,"pct":100}}
,"/Users/apple/Documents/Jay Dev/ai-compliance-docs-analyzer/backend/src/middleware/upload.middleware.ts": {"lines":{"total":4,"covered":4,"skipped":0,"pct":100},"functions":{"total":0,"covered":0,"skipped":0,"pct":100},"statements":{"total":4,"covered":4,"skipped":0,"pct":100},"branches":{"total":0,"covered":0,"skipped":0,"pct":100}}
,"/Users/apple/Documents/Jay Dev/ai-compliance-docs-analyzer/backend/src/routes/auth.route.ts": {"lines":{"total":6,"covered":6,"skipped":0,"pct":100},"functions":{"total":0,"covered":0,"skipped":0,"pct":100},"statements":{"total":6,"covered":6,"skipped":0,"pct":100},"branches":{"total":0,"covered":0,"skipped":0,"pct":100}}
,"/Users/apple/Documents/Jay Dev/ai-compliance-docs-analyzer/backend/src/routes/compare.route.ts": {"lines":{"total":5,"covered":5,"skipped":0,"pct":100},"functions":{"total":0,"covered":0,"skipped":0,"pct":100},"statements":{"total":5,"covered":5,"skipped":0,"pct":100},"branches":{"total":0,"covered":0,"skipped":0,"pct":100}}
,"/Users/apple/Documents/Jay Dev/ai-compliance-docs-analyzer/backend/src/routes/document.route.ts": {"lines":{"total":8,"covered":8,"skipped":0,"pct":100},"functions":{"total":0,"covered":0,"skipped":0,"pct":100},"statements":{"total":8,"covered":8,"skipped":0,"pct":100},"branches":{"total":0,"covered":0,"skipped":0,"pct":100}}
,"/Users/apple/Documents/Jay Dev/ai-compliance-docs-analyzer/backend/src/routes/qa.route.ts": {"lines":{"total":5,"covered":5,"skipped":0,"pct":100},"functions":{"total":0,"covered":0,"skipped":0,"pct":100},"statements":{"total":5,"covered":5,"skipped":0,"pct":100},"branches":{"total":0,"covered":0,"skipped":0,"pct":100}}
,"/Users/apple/Documents/Jay Dev/ai-compliance-docs-analyzer/backend/src/services/authDb.service.ts": {"lines":{"total":18,"covered":16,"skipped":0,"pct":88.88},"functions":{"total":3,"covered":3,"skipped":0,"pct":100},"statements":{"total":18,"covered":16,"skipped":0,"pct":88.88},"branches":{"total":6,"covered":3,"skipped":0,"pct":50}}
,"/Users/apple/Documents/Jay Dev/ai-compliance-docs-analyzer/backend/src/services/storage.service.ts": {"lines":{"total":21,"covered":21,"skipped":0,"pct":100},"functions":{"total":6,"covered":6,"skipped":0,"pct":100},"statements":{"total":21,"covered":21,"skipped":0,"pct":100},"branches":{"total":7,"covered":7,"skipped":0,"pct":100}}
,"/Users/apple/Documents/Jay Dev/ai-compliance-docs-analyzer/backend/src/utils/chunkText.ts": {"lines":{"total":9,"covered":9,"skipped":0,"pct":100},"functions":{"total":1,"covered":1,"skipped":0,"pct":100},"statements":{"total":9,"covered":9,"skipped":0,"pct":100},"branches":{"total":2,"covered":2,"skipped":0,"pct":100}}
}
