{"total": {"lines":{"total":1364,"covered":1345,"skipped":0,"pct":98.6},"statements":{"total":1364,"covered":1345,"skipped":0,"pct":98.6},"functions":{"total":39,"covered":34,"skipped":0,"pct":87.17},"branches":{"total":219,"covered":190,"skipped":0,"pct":86.75},"branchesTrue":{"total":0,"covered":0,"skipped":0,"pct":"Unknown"}}
,"/Users/apple/Documents/Jay Dev/ai-compliance-docs-analyzer/client/src/App.test.tsx": {"lines":{"total":218,"covered":213,"skipped":0,"pct":97.7},"functions":{"total":1,"covered":1,"skipped":0,"pct":100},"statements":{"total":218,"covered":213,"skipped":0,"pct":97.7},"branches":{"total":38,"covered":33,"skipped":0,"pct":86.84}}
,"/Users/apple/Documents/Jay Dev/ai-compliance-docs-analyzer/client/src/App.tsx": {"lines":{"total":234,"covered":228,"skipped":0,"pct":97.43},"functions":{"total":8,"covered":8,"skipped":0,"pct":100},"statements":{"total":234,"covered":228,"skipped":0,"pct":97.43},"branches":{"total":35,"covered":25,"skipped":0,"pct":71.42}}
,"/Users/apple/Documents/Jay Dev/ai-compliance-docs-analyzer/client/src/CompareDocuments.test.tsx": {"lines":{"total":100,"covered":100,"skipped":0,"pct":100},"functions":{"total":0,"covered":0,"skipped":0,"pct":100},"statements":{"total":100,"covered":100,"skipped":0,"pct":100},"branches":{"total":9,"covered":9,"skipped":0,"pct":100}}
,"/Users/apple/Documents/Jay Dev/ai-compliance-docs-analyzer/client/src/CompareDocuments.tsx": {"lines":{"total":137,"covered":134,"skipped":0,"pct":97.81},"functions":{"total":4,"covered":4,"skipped":0,"pct":100},"statements":{"total":137,"covered":134,"skipped":0,"pct":97.81},"branches":{"total":22,"covered":19,"skipped":0,"pct":86.36}}
,"/Users/apple/Documents/Jay Dev/ai-compliance-docs-analyzer/client/src/DocumentList.test.tsx": {"lines":{"total":29,"covered":29,"skipped":0,"pct":100},"functions":{"total":0,"covered":0,"skipped":0,"pct":100},"statements":{"total":29,"covered":29,"skipped":0,"pct":100},"branches":{"total":3,"covered":3,"skipped":0,"pct":100}}
,"/Users/apple/Documents/Jay Dev/ai-compliance-docs-analyzer/client/src/DocumentList.tsx": {"lines":{"total":31,"covered":30,"skipped":0,"pct":96.77},"functions":{"total":2,"covered":2,"skipped":0,"pct":100},"statements":{"total":31,"covered":30,"skipped":0,"pct":96.77},"branches":{"total":6,"covered":5,"skipped":0,"pct":83.33}}
,"/Users/apple/Documents/Jay Dev/ai-compliance-docs-analyzer/client/src/LoginPage.test.tsx": {"lines":{"total":101,"covered":101,"skipped":0,"pct":100},"functions":{"total":0,"covered":0,"skipped":0,"pct":100},"statements":{"total":101,"covered":101,"skipped":0,"pct":100},"branches":{"total":13,"covered":11,"skipped":0,"pct":84.61}}
,"/Users/apple/Documents/Jay Dev/ai-compliance-docs-analyzer/client/src/LoginPage.tsx": {"lines":{"total":203,"covered":199,"skipped":0,"pct":98.02},"functions":{"total":9,"covered":7,"skipped":0,"pct":77.77},"statements":{"total":203,"covered":199,"skipped":0,"pct":98.02},"branches":{"total":28,"covered":25,"skipped":0,"pct":89.28}}
,"/Users/apple/Documents/Jay Dev/ai-compliance-docs-analyzer/client/src/QnABox.test.tsx": {"lines":{"total":65,"covered":65,"skipped":0,"pct":100},"functions":{"total":2,"covered":2,"skipped":0,"pct":100},"statements":{"total":65,"covered":65,"skipped":0,"pct":100},"branches":{"total":15,"covered":15,"skipped":0,"pct":100}}
,"/Users/apple/Documents/Jay Dev/ai-compliance-docs-analyzer/client/src/QnABox.tsx": {"lines":{"total":79,"covered":79,"skipped":0,"pct":100},"functions":{"total":5,"covered":4,"skipped":0,"pct":80},"statements":{"total":79,"covered":79,"skipped":0,"pct":100},"branches":{"total":17,"covered":14,"skipped":0,"pct":82.35}}
,"/Users/apple/Documents/Jay Dev/ai-compliance-docs-analyzer/client/src/UploadCard.test.tsx": {"lines":{"total":102,"covered":102,"skipped":0,"pct":100},"functions":{"total":3,"covered":2,"skipped":0,"pct":66.66},"statements":{"total":102,"covered":102,"skipped":0,"pct":100},"branches":{"total":17,"covered":17,"skipped":0,"pct":100}}
,"/Users/apple/Documents/Jay Dev/ai-compliance-docs-analyzer/client/src/UploadCard.tsx": {"lines":{"total":65,"covered":65,"skipped":0,"pct":100},"functions":{"total":5,"covered":4,"skipped":0,"pct":80},"statements":{"total":65,"covered":65,"skipped":0,"pct":100},"branches":{"total":16,"covered":14,"skipped":0,"pct":87.5}}
}
